<?xml version="1.0" encoding="UTF-8"?>
<testsuite xmlns:xsi="http://www.w3.org/2001/XMLSchema-instance" xsi:noNamespaceSchemaLocation="https://maven.apache.org/surefire/maven-surefire-plugin/xsd/surefire-test-report.xsd" version="3.0.2" name="com.mycompany.atividade_lista_tarefas.GerenciadoraDeTarefasTest" time="0.149" tests="7" errors="0" skipped="0" failures="1">
  <properties>
[...]
</properties>
  <testcase name="testeSalvarECarregarTarefas" classname="com.mycompany.atividade_lista_tarefas.GerenciadoraDeTarefasTest" time="0.082"/>
  <testcase name="testeAdicionarTarefa" classname="com.mycompany.atividade_lista_tarefas.GerenciadoraDeTarefasTest" time="0.002"/>
  <testcase name="testeFiltrarTarefasPorStatus" classname="com.mycompany.atividade_lista_tarefas.GerenciadoraDeTarefasTest" time="0.003"/>
  <testcase name="testeAdicionarTarefaDuplicada" classname="com.mycompany.atividade_lista_tarefas.GerenciadoraDeTarefasTest" time="0.004"/>
  <testcase name="testeOrdenarTarefasPorData" classname="com.mycompany.atividade_lista_tarefas.GerenciadoraDeTarefasTest" time="0.009">
    <failure message="expected: &lt;com.mycompany.atividade_lista_tarefas.Tarefa@cdcc5cbc&gt; but was: &lt;com.mycompany.atividade_lista_tarefas.Tarefa@ebb9a9b4&gt;" type="org.opentest4j.AssertionFailedError"><![CDATA[org.opentest4j.AssertionFailedError: expected: <com.mycompany.atividade_lista_tarefas.Tarefa@cdcc5cbc> but was: <com.mycompany.atividade_lista_tarefas.Tarefa@ebb9a9b4>
	at org.junit.jupiter.api.AssertionFailureBuilder.build(AssertionFailureBuilder.java:151)
	at org.junit.jupiter.api.AssertionFailureBuilder.buildAndThrow(AssertionFailureBuilder.java:132)
	at org.junit.jupiter.api.AssertEquals.failNotEqual(AssertEquals.java:197)
	at org.junit.jupiter.api.AssertEquals.assertEquals(AssertEquals.java:182)
	at org.junit.jupiter.api.AssertEquals.assertEquals(AssertEquals.java:177)
	at org.junit.jupiter.api.Assertions.assertEquals(Assertions.java:1145)
	at com.mycompany.atividade_lista_tarefas.GerenciadoraDeTarefasTest.testeOrdenarTarefasPorData(GerenciadoraDeTarefasTest.java:81)
	at java.base/java.lang.reflect.Method.invoke(Method.java:580)
	at java.base/java.util.ArrayList.forEach(ArrayList.java:1597)
	at java.base/java.util.ArrayList.forEach(ArrayList.java:1597)
]]></failure>
  </testcase>
  <testcase name="testeMarcarTodasComoConcluidas" classname="com.mycompany.atividade_lista_tarefas.GerenciadoraDeTarefasTest" time="0.002"/>
  <testcase name="testeRemoverTarefa" classname="com.mycompany.atividade_lista_tarefas.GerenciadoraDeTarefasTest" time="0.002"/>
</testsuite>